[2023-08-23 22:59:41,181: INFO: main: welcome to our project]
[2023-08-24 19:43:41,411: INFO: main: >>>>>> stage Data Ingestion stage started <<<<<<]
[2023-08-24 19:43:41,411: INFO: common: yaml file: config\config.yaml loaded successfully]
[2023-08-24 19:43:41,411: INFO: common: yaml file: params.yaml loaded successfully]
[2023-08-24 19:43:41,411: INFO: common: yaml file: schema.yaml loaded successfully]
[2023-08-24 19:43:41,427: INFO: common: created directory at: artifacts]
[2023-08-24 19:43:41,427: INFO: common: created directory at: artifacts/data_ingestion]
[2023-08-24 19:43:42,418: INFO: data_ingestion: artifacts/data_ingestion/data.zip download! with following info: 
Connection: close
Content-Length: 23329
Cache-Control: max-age=300
Content-Security-Policy: default-src 'none'; style-src 'unsafe-inline'; sandbox
Content-Type: application/zip
ETag: "c69888a4ae59bc5a893392785a938ccd4937981c06ba8a9d6a21aa52b4ab5b6e"
Strict-Transport-Security: max-age=31536000
X-Content-Type-Options: nosniff
X-Frame-Options: deny
X-XSS-Protection: 1; mode=block
X-GitHub-Request-Id: 787C:14BC:1E6BF7:22E0CF:64E7579A
Accept-Ranges: bytes
Date: Thu, 24 Aug 2023 14:13:40 GMT
Via: 1.1 varnish
X-Served-By: cache-bom4722-BOM
X-Cache: HIT
X-Cache-Hits: 1
X-Timer: S1692886420.731564,VS0,VE344
Vary: Authorization,Accept-Encoding,Origin
Access-Control-Allow-Origin: *
Cross-Origin-Resource-Policy: cross-origin
X-Fastly-Request-ID: f70bd4eeb98cbe8efbd7e211f8aa5ae6a7a1d1f3
Expires: Thu, 24 Aug 2023 14:18:40 GMT
Source-Age: 0

]
[2023-08-24 19:43:42,418: INFO: main: >>>>>> stage Data Ingestion stage completed <<<<<<

x==========x]
