[2023-08-24 18:44:04,241: INFO: common: yaml file: config\config.yaml loaded successfully]
[2023-08-24 18:44:04,257: INFO: common: yaml file: params.yaml loaded successfully]
[2023-08-24 18:44:04,261: INFO: common: yaml file: schema.yaml loaded successfully]
[2023-08-24 18:44:04,266: INFO: common: created directory at: artifacts]
[2023-08-24 18:44:04,266: INFO: common: created directory at: artifacts/data_ingestion]
[2023-08-24 18:44:05,432: INFO: 2280763589: artifacts/data_ingestion/data.zip download! with following info: 
Connection: close
Content-Length: 23329
Cache-Control: max-age=300
Content-Security-Policy: default-src 'none'; style-src 'unsafe-inline'; sandbox
Content-Type: application/zip
ETag: "c69888a4ae59bc5a893392785a938ccd4937981c06ba8a9d6a21aa52b4ab5b6e"
Strict-Transport-Security: max-age=31536000
X-Content-Type-Options: nosniff
X-Frame-Options: deny
X-XSS-Protection: 1; mode=block
X-GitHub-Request-Id: 787C:14BC:1E6BF7:22E0CF:64E7579A
Accept-Ranges: bytes
Date: Thu, 24 Aug 2023 13:14:03 GMT
Via: 1.1 varnish
X-Served-By: cache-bom4737-BOM
X-Cache: MISS
X-Cache-Hits: 0
X-Timer: S1692882843.750692,VS0,VE342
Vary: Authorization,Accept-Encoding,Origin
Access-Control-Allow-Origin: *
Cross-Origin-Resource-Policy: cross-origin
X-Fastly-Request-ID: 6e9b587055e68b94bd8716d77c663d5e115f3b74
Expires: Thu, 24 Aug 2023 13:19:03 GMT
Source-Age: 0

]
